<?xml version="1.0" encoding="UTF-8"?>
<!-- Generated by org.testng.reporters.JUnitReportReporter -->
<testsuite hostname="DESKTOP-MQ5QUGD" failures="0" tests="1" name="testCases.RegisterTest" time="3.697" errors="0" timestamp="2023-04-08T16:24:46 CEST" skipped="0">
  <testcase classname="testCases.RegisterTest" name="TC_RF_010" time="3.697"/>
  <system-out/>
</testsuite> <!-- testCases.RegisterTest -->
