<?xml version="1.0" encoding="UTF-8"?>
<!-- Generated by org.testng.reporters.JUnitReportReporter -->
<testsuite hostname="DESKTOP-MQ5QUGD" failures="0" tests="2" name="testCases.LoginTest" time="7.604" errors="0" timestamp="2023-04-01T18:17:14 CEST" skipped="0">
  <testcase classname="testCases.LoginTest" name="login" time="2.464"/>
  <system-out/>
  <testcase classname="testCases.LoginTest" name="login" time="5.140"/>
  <system-out/>
</testsuite> <!-- testCases.LoginTest -->
