<?xml version="1.0" encoding="UTF-8"?>
<!-- Generated by org.testng.reporters.JUnitReportReporter -->
<testsuite hostname="DESKTOP-MQ5QUGD" failures="0" tests="7" name="testCases.TS_002_Login_Functionality" time="13.873" errors="0" timestamp="2023-06-27T22:44:14 CEST" skipped="0">
  <testcase classname="testCases.TS_002_Login_Functionality" name="TC_LF_006" time="2.403"/>
  <system-out/>
  <testcase classname="testCases.TS_002_Login_Functionality" name="TC_LF_001" time="2.055"/>
  <system-out/>
  <testcase classname="testCases.TS_002_Login_Functionality" name="TC_LF_002" time="1.791"/>
  <system-out/>
  <testcase classname="testCases.TS_002_Login_Functionality" name="TC_LF_007" time="3.032"/>
  <system-out/>
  <testcase classname="testCases.TS_002_Login_Functionality" name="TC_LF_005" time="1.513"/>
  <system-out/>
  <testcase classname="testCases.TS_002_Login_Functionality" name="TC_LF_004" time="1.251"/>
  <system-out/>
  <testcase classname="testCases.TS_002_Login_Functionality" name="TC_LF_003" time="1.828"/>
  <system-out/>
</testsuite> <!-- testCases.TS_002_Login_Functionality -->
