<?xml version="1.0" encoding="UTF-8"?>
<!-- Generated by org.testng.reporters.JUnitReportReporter -->
<testsuite hostname="DESKTOP-MQ5QUGD" failures="0" tests="2" name="testCases.RegisterTest" time="12.864" errors="0" timestamp="2023-04-01T18:17:14 CEST" skipped="0">
  <testcase classname="testCases.RegisterTest" name="register" time="7.594"/>
  <system-out/>
  <testcase classname="testCases.RegisterTest" name="register" time="5.270"/>
  <system-out/>
</testsuite> <!-- testCases.RegisterTest -->
