<?xml version="1.0" encoding="UTF-8"?>
<!-- Generated by org.testng.reporters.JUnitReportReporter -->
<testsuite hostname="DESKTOP-MQ5QUGD" failures="0" tests="2" name="testCases.RegisterTest" time="12.134" errors="0" timestamp="2023-03-14T18:40:21 CET" skipped="0">
  <testcase classname="testCases.RegisterTest" name="register" time="7.024"/>
  <system-out/>
  <testcase classname="testCases.RegisterTest" name="register" time="5.110"/>
  <system-out/>
</testsuite> <!-- testCases.RegisterTest -->
