<?xml version="1.0" encoding="UTF-8"?>
<!-- Generated by org.testng.reporters.JUnitReportReporter -->
<testsuite hostname="DESKTOP-MQ5QUGD" failures="0" tests="7" name="testCases.TS_002_Login_Functionality" time="19.872" errors="0" timestamp="2023-04-30T19:55:09 CEST" skipped="0">
  <testcase classname="testCases.TS_002_Login_Functionality" name="TC_LF_003" time="3.254"/>
  <system-out/>
  <testcase classname="testCases.TS_002_Login_Functionality" name="TC_LF_001" time="2.016"/>
  <system-out/>
  <testcase classname="testCases.TS_002_Login_Functionality" name="TC_LF_004" time="2.605"/>
  <system-out/>
  <testcase classname="testCases.TS_002_Login_Functionality" name="TC_LF_006" time="2.548"/>
  <system-out/>
  <testcase classname="testCases.TS_002_Login_Functionality" name="TC_LF_005" time="3.329"/>
  <system-out/>
  <testcase classname="testCases.TS_002_Login_Functionality" name="TC_LF_002" time="3.009"/>
  <system-out/>
  <testcase classname="testCases.TS_002_Login_Functionality" name="TC_LF_007" time="3.111"/>
  <system-out/>
</testsuite> <!-- testCases.TS_002_Login_Functionality -->
